<?xml version="1.0" encoding="UTF-8"?>
<!-- Generated by org.testng.reporters.JUnitReportReporter -->
<testsuite hostname="WL-MS-743" failures="0" tests="1" name="com.test.pkg.mockingex" time="0.895" errors="0" timestamp="2024-12-08T11:16:22 IST" skipped="0">
  <testcase classname="com.test.pkg.mockingex" name="wiremockeg1" time="0.895"/>
</testsuite> <!-- com.test.pkg.mockingex -->
