<?xml version="1.0" encoding="UTF-8"?>
<!-- Generated by org.testng.reporters.JUnitReportReporter -->
<testsuite hostname="WL-MS-743" failures="0" tests="1" name="com.test.pkg.mockingex2" time="1.047" errors="0" timestamp="2024-12-08T11:19:27 IST" skipped="0">
  <testcase classname="com.test.pkg.mockingex2" name="wiremockeg1" time="1.047"/>
</testsuite> <!-- com.test.pkg.mockingex2 -->
