<?xml version="1.0" encoding="UTF-8"?>
<!-- Generated by org.testng.reporters.JUnitReportReporter -->
<testsuite hostname="WL-MS-743" failures="0" tests="1" name="com.test.pkg.TestsExample1" time="1.194" errors="0" timestamp="2024-12-09T18:49:47 IST" skipped="0">
  <testcase classname="com.test.pkg.TestsExample1" name="listUsersAPI" time="1.194"/>
</testsuite> <!-- com.test.pkg.TestsExample1 -->
